[ 2017-02-03T14:19:32+08:00 ] ::1 /hbvpn/free
ERR: 无法加载控制器:Free

[ 2017-02-03T14:23:00+08:00 ] ::1 /hbvpn/Public/Home/theme/default/js/jquery.min.map
ERR: 无法加载控制器:Public

[ 2017-02-03T14:23:39+08:00 ] ::1 /hbvpn/Public/Home/theme/default/js/jquery.min.map
ERR: 无法加载控制器:Public

[ 2017-02-03T15:51:35+08:00 ] ::1 /hbvpn/Public/Home/theme/default/js/jquery.min.map
ERR: 无法加载控制器:Public

[ 2017-02-03T15:52:34+08:00 ] ::1 /hbvpn/Public/Home/theme/default/js/jquery.min.map
ERR: 无法加载控制器:Public

[ 2017-02-03T15:53:23+08:00 ] ::1 /hbvpn/Public/Home/theme/default/js/jquery.min.map
ERR: 无法加载控制器:Public

[ 2017-02-03T15:53:53+08:00 ] ::1 /hbvpn/Public/Home/theme/default/js/jquery.min.map
ERR: 无法加载控制器:Public

[ 2017-02-03T15:53:55+08:00 ] ::1 /hbvpn/Public/Home/theme/default/js/jquery.min.map
ERR: 无法加载控制器:Public

[ 2017-02-03T15:53:57+08:00 ] ::1 /hbvpn/Public/Home/theme/default/js/jquery.min.map
ERR: 无法加载控制器:Public

[ 2017-02-03T15:54:19+08:00 ] ::1 /hbvpn/Public/Home/theme/default/js/jquery.min.map
ERR: 无法加载控制器:Public

[ 2017-02-03T15:54:38+08:00 ] ::1 /hbvpn/Public/Home/theme/default/js/jquery.min.map
ERR: 无法加载控制器:Public

[ 2017-02-03T15:55:13+08:00 ] ::1 /hbvpn/Public/Home/theme/default/js/jquery.min.map
ERR: 无法加载控制器:Public

[ 2017-02-03T15:55:14+08:00 ] ::1 /hbvpn/Public/Home/theme/default/js/jquery.min.map
ERR: 无法加载控制器:Public

[ 2017-02-03T15:55:15+08:00 ] ::1 /hbvpn/Public/Home/theme/default/js/jquery.min.map
ERR: 无法加载控制器:Public

[ 2017-02-03T15:55:16+08:00 ] ::1 /hbvpn/Public/Home/theme/default/js/jquery.min.map
ERR: 无法加载控制器:Public

[ 2017-02-03T15:56:39+08:00 ] ::1 /hbvpn/Public/Home/theme/default/js/jquery.min.map
ERR: 无法加载控制器:Public

[ 2017-02-03T15:58:05+08:00 ] ::1 /hbvpn/Public/Home/theme/default/js/jquery.min.map
ERR: 无法加载控制器:Public

[ 2017-02-03T17:39:22+08:00 ] ::1 /hbvpn/Home/Index/__PUBLIC/
ERR: 非法操作:__PUBLIC

[ 2017-02-03T17:39:22+08:00 ] ::1 /hbvpn/Home/Index/__PUBLIC/
ERR: 非法操作:__PUBLIC

[ 2017-02-03T20:48:39+08:00 ] ::1 /hbvpn/admina.html
ERR: 非法操作:admina

[ 2017-02-03T20:49:27+08:00 ] ::1 /hbvpn/user.html
ERR: 非法操作:user

[ 2017-02-03T20:54:07+08:00 ] ::1 /hbvpn/user.html
ERR: 非法操作:user

[ 2017-02-03T20:54:36+08:00 ] ::1 /hbvpn/user.html
ERR: 非法操作:user

[ 2017-02-03T20:54:37+08:00 ] ::1 /hbvpn/user.html
ERR: 非法操作:user

[ 2017-02-03T20:54:38+08:00 ] ::1 /hbvpn/user.html
ERR: 非法操作:user

[ 2017-02-03T20:55:02+08:00 ] ::1 /hbvpn/user.html
ERR: 非法操作:user

[ 2017-02-03T20:55:04+08:00 ] ::1 /hbvpn/login_manage.html
ERR: 无法加载控制器:Login_manage

[ 2017-02-03T21:17:07+08:00 ] ::1 /hbvpn/
INFO: [ app_init ] --START--
INFO: Run Behavior\BuildLiteBehavior [ RunTime:0.000037s ]
INFO: [ app_init ] --END-- [ RunTime:0.001033s ]
INFO: [ app_begin ] --START--
INFO: Run Behavior\ReadHtmlCacheBehavior [ RunTime:0.001494s ]
INFO: [ app_begin ] --END-- [ RunTime:0.001695s ]
INFO: [ view_parse ] --START--
INFO: [ template_filter ] --START--
INFO: Run Behavior\ContentReplaceBehavior [ RunTime:0.000135s ]
INFO: [ template_filter ] --END-- [ RunTime:0.000336s ]
INFO: Run Behavior\ParseTemplateBehavior [ RunTime:0.018939s ]
INFO: [ view_parse ] --END-- [ RunTime:0.019134s ]
INFO: [ view_filter ] --START--
INFO: Run Behavior\WriteHtmlCacheBehavior [ RunTime:0.001215s ]
INFO: [ view_filter ] --END-- [ RunTime:0.001391s ]
INFO: [ app_end ] --START--
INFO: Run Behavior\ShowPageTraceBehavior [ RunTime:0.001514s ]
INFO: [ app_end ] --END-- [ RunTime:0.001694s ]

[ 2017-02-03T21:17:11+08:00 ] ::1 /hbvpn/4123
INFO: [ app_init ] --START--
INFO: Run Behavior\BuildLiteBehavior [ RunTime:0.000037s ]
INFO: [ app_init ] --END-- [ RunTime:0.001004s ]
INFO: [ app_begin ] --START--
INFO: Run Behavior\ReadHtmlCacheBehavior [ RunTime:0.001483s ]
INFO: [ app_begin ] --END-- [ RunTime:0.001709s ]
ERR: 无法加载控制器:4123

[ 2017-02-03T21:17:15+08:00 ] ::1 /hbvpn/
INFO: [ app_init ] --START--
INFO: Run Behavior\BuildLiteBehavior [ RunTime:0.000037s ]
INFO: [ app_init ] --END-- [ RunTime:0.000958s ]
INFO: [ app_begin ] --START--
INFO: Run Behavior\ReadHtmlCacheBehavior [ RunTime:0.001545s ]
INFO: [ app_begin ] --END-- [ RunTime:0.001742s ]
INFO: [ view_parse ] --START--
INFO: [ template_filter ] --START--
INFO: Run Behavior\ContentReplaceBehavior [ RunTime:0.000136s ]
INFO: [ template_filter ] --END-- [ RunTime:0.000318s ]
INFO: Run Behavior\ParseTemplateBehavior [ RunTime:0.016958s ]
INFO: [ view_parse ] --END-- [ RunTime:0.017146s ]
INFO: [ view_filter ] --START--
INFO: Run Behavior\WriteHtmlCacheBehavior [ RunTime:0.001489s ]
INFO: [ view_filter ] --END-- [ RunTime:0.001697s ]
INFO: [ app_end ] --START--
INFO: Run Behavior\ShowPageTraceBehavior [ RunTime:0.001599s ]
INFO: [ app_end ] --END-- [ RunTime:0.001826s ]

[ 2017-02-03T23:08:05+08:00 ] ::1 /hbvpn/download.html
INFO: [ app_init ] --START--
INFO: Run Behavior\BuildLiteBehavior [ RunTime:0.000042s ]
INFO: [ app_init ] --END-- [ RunTime:0.001093s ]
INFO: [ app_begin ] --START--
INFO: Run Behavior\ReadHtmlCacheBehavior [ RunTime:0.001265s ]
INFO: [ app_begin ] --END-- [ RunTime:0.001457s ]
INFO: [ view_parse ] --START--
INFO: [ template_filter ] --START--
INFO: Run Behavior\ContentReplaceBehavior [ RunTime:0.000192s ]
INFO: [ template_filter ] --END-- [ RunTime:0.000442s ]
INFO: Run Behavior\ParseTemplateBehavior [ RunTime:0.020384s ]
INFO: [ view_parse ] --END-- [ RunTime:0.020616s ]
INFO: [ view_filter ] --START--
INFO: Run Behavior\WriteHtmlCacheBehavior [ RunTime:0.001020s ]
INFO: [ view_filter ] --END-- [ RunTime:0.001204s ]
INFO: [ app_end ] --START--
INFO: Run Behavior\ShowPageTraceBehavior [ RunTime:0.001207s ]
INFO: [ app_end ] --END-- [ RunTime:0.001421s ]

[ 2017-02-03T23:09:23+08:00 ] ::1 /hbvpn/download.html
INFO: [ app_init ] --START--
INFO: Run Behavior\BuildLiteBehavior [ RunTime:0.000040s ]
INFO: [ app_init ] --END-- [ RunTime:0.000907s ]
INFO: [ app_begin ] --START--
INFO: Run Behavior\ReadHtmlCacheBehavior [ RunTime:0.000872s ]
INFO: [ app_begin ] --END-- [ RunTime:0.001049s ]
INFO: [ view_parse ] --START--
INFO: [ template_filter ] --START--
INFO: Run Behavior\ContentReplaceBehavior [ RunTime:0.000159s ]
INFO: [ template_filter ] --END-- [ RunTime:0.000345s ]
INFO: Run Behavior\ParseTemplateBehavior [ RunTime:0.016608s ]
INFO: [ view_parse ] --END-- [ RunTime:0.016815s ]
INFO: [ view_filter ] --START--
INFO: Run Behavior\WriteHtmlCacheBehavior [ RunTime:0.000679s ]
INFO: [ view_filter ] --END-- [ RunTime:0.000855s ]
INFO: [ app_end ] --START--
INFO: Run Behavior\ShowPageTraceBehavior [ RunTime:0.000945s ]
INFO: [ app_end ] --END-- [ RunTime:0.001128s ]

