[ 2017-02-05T00:05:44+08:00 ] ::1 /hbvpn/Admin/account/addRows
ERR: 1062:Duplicata du champ '10' pour la clef 'PRIMARY'
 [ SQL语句 ] : INSERT INTO `bbb_account` (`vps_id`,`secret_way`,`password`,`port`,`create_time`,`create_user`,`id`) VALUES ('1','aes-256-cfb','9701171878183898','40002','1486224344','1','10')

[ 2017-02-05T00:06:31+08:00 ] ::1 /hbvpn/Admin/account/addRows
ERR: 1062:Duplicata du champ '11' pour la clef 'PRIMARY'
 [ SQL语句 ] : INSERT INTO `bbb_account` (`vps_id`,`secret_way`,`password`,`port`,`create_time`,`create_user`,`id`) VALUES ('1','aes-256-cfb','2400756823856506','40002','1486224391','1','11')

[ 2017-02-05T00:06:51+08:00 ] ::1 /hbvpn/Admin/account/addRows
ERR: 1062:Duplicata du champ '12' pour la clef 'PRIMARY'
 [ SQL语句 ] : INSERT INTO `bbb_account` (`vps_id`,`secret_way`,`password`,`port`,`create_time`,`create_user`,`id`) VALUES ('1','aes-256-cfb','1199951148103332','40002','1486224411','1','12')

[ 2017-02-05T00:08:40+08:00 ] ::1 /hbvpn/Admin/Account/pageList?page=1&rows=30&sort=id&order=desc
ERR: 1054:Champ 'v.ip' inconnu dans field list
 [ SQL语句 ] : SELECT DISTINCT  v.id,v.ip,v.sshport,v.account,v.password,v.server_id,s.name as serverName,1 as action FROM bbb_account v LEFT JOIN bbb_server s ON s.id = v.server_id  ORDER BY id desc LIMIT 0,30  
ERR: 1054:Champ 'v.ip' inconnu dans field list
 [ SQL语句 ] : SELECT DISTINCT  v.id,v.ip,v.sshport,v.account,v.password,v.server_id,s.name as serverName,1 as action FROM bbb_account v LEFT JOIN bbb_server s ON s.id = v.server_id  ORDER BY id desc LIMIT 0,30  

[ 2017-02-05T00:41:46+08:00 ] ::1 /hbvpn/Admin/Account/pageList?page=1&rows=30&sort=id&order=desc
ERR: 1054:Champ '' inconnu dans field list
 [ SQL语句 ] : SELECT DISTINCT  a.id,a.port,a.password,a.secret_way,a.port,v.id as vps_id,v.ip,`` FROM bbb_account a LEFT JOIN bbb_vps v ON v.id = a.vps_id  ORDER BY id desc LIMIT 0,30  
ERR: 1054:Champ '' inconnu dans field list
 [ SQL语句 ] : SELECT DISTINCT  a.id,a.port,a.password,a.secret_way,a.port,v.id as vps_id,v.ip,`` FROM bbb_account a LEFT JOIN bbb_vps v ON v.id = a.vps_id  ORDER BY id desc LIMIT 0,30  

[ 2017-02-05T00:44:20+08:00 ] ::1 /hbvpn/Admin/Account/pageList?page=1&rows=30&sort=id&order=desc
ERR: 1054:Champ '' inconnu dans field list
 [ SQL语句 ] : SELECT DISTINCT  a.id,a.port,a.password,a.secret_way,a.port,v.id as vps_id,v.ip,`` FROM bbb_account a LEFT JOIN bbb_vps v ON v.id = a.vps_id  ORDER BY id desc LIMIT 0,30  
ERR: 1054:Champ '' inconnu dans field list
 [ SQL语句 ] : SELECT DISTINCT  a.id,a.port,a.password,a.secret_way,a.port,v.id as vps_id,v.ip,`` FROM bbb_account a LEFT JOIN bbb_vps v ON v.id = a.vps_id  ORDER BY id desc LIMIT 0,30  

[ 2017-02-05T00:44:39+08:00 ] ::1 /hbvpn/Admin/Account/pageList?page=1&rows=30&sort=id&order=desc
ERR: 1054:Champ '' inconnu dans field list
 [ SQL语句 ] : SELECT DISTINCT  a.id,a.port,a.password,a.secret_way,a.port,v.id as vps_id,v.ip,`` FROM bbb_account a LEFT JOIN bbb_vps v ON v.id = a.vps_id  ORDER BY id desc LIMIT 0,30  
ERR: 1054:Champ '' inconnu dans field list
 [ SQL语句 ] : SELECT DISTINCT  a.id,a.port,a.password,a.secret_way,a.port,v.id as vps_id,v.ip,`` FROM bbb_account a LEFT JOIN bbb_vps v ON v.id = a.vps_id  ORDER BY id desc LIMIT 0,30  

[ 2017-02-05T00:45:26+08:00 ] ::1 /hbvpn/Admin/Account/addOrUpdate
ERR: 1054:Champ 'name' inconnu dans field list
 [ SQL语句 ] : INSERT INTO `bbb_account` (`id`,`name`,`url`,`type`,`content`,`create_time`,`create_user`) VALUES ('','213','1231','12312','1232131','1486226726','1')

[ 2017-02-05T00:46:34+08:00 ] ::1 /hbvpn/Admin/Account/pageList?page=1&rows=30&sort=id&order=desc
ERR: 1054:Champ '' inconnu dans field list
 [ SQL语句 ] : SELECT DISTINCT  a.id,a.port,a.password,a.secret_way,a.port,v.id as vps_id,v.ip,`` FROM bbb_account a LEFT JOIN bbb_vps v ON v.id = a.vps_id  ORDER BY id desc LIMIT 0,30  
ERR: 1054:Champ '' inconnu dans field list
 [ SQL语句 ] : SELECT DISTINCT  a.id,a.port,a.password,a.secret_way,a.port,v.id as vps_id,v.ip,`` FROM bbb_account a LEFT JOIN bbb_vps v ON v.id = a.vps_id  ORDER BY id desc LIMIT 0,30  

[ 2017-02-05T00:46:35+08:00 ] ::1 /hbvpn/Admin/Account/pageList?page=1&rows=30&sort=id&order=desc
ERR: 1054:Champ '' inconnu dans field list
 [ SQL语句 ] : SELECT DISTINCT  a.id,a.port,a.password,a.secret_way,a.port,v.id as vps_id,v.ip,`` FROM bbb_account a LEFT JOIN bbb_vps v ON v.id = a.vps_id  ORDER BY id desc LIMIT 0,30  
ERR: 1054:Champ '' inconnu dans field list
 [ SQL语句 ] : SELECT DISTINCT  a.id,a.port,a.password,a.secret_way,a.port,v.id as vps_id,v.ip,`` FROM bbb_account a LEFT JOIN bbb_vps v ON v.id = a.vps_id  ORDER BY id desc LIMIT 0,30  

[ 2017-02-05T00:46:35+08:00 ] ::1 /hbvpn/Admin/Account/pageList?page=1&rows=30&sort=id&order=desc
ERR: 1054:Champ '' inconnu dans field list
 [ SQL语句 ] : SELECT DISTINCT  a.id,a.port,a.password,a.secret_way,a.port,v.id as vps_id,v.ip,`` FROM bbb_account a LEFT JOIN bbb_vps v ON v.id = a.vps_id  ORDER BY id desc LIMIT 0,30  
ERR: 1054:Champ '' inconnu dans field list
 [ SQL语句 ] : SELECT DISTINCT  a.id,a.port,a.password,a.secret_way,a.port,v.id as vps_id,v.ip,`` FROM bbb_account a LEFT JOIN bbb_vps v ON v.id = a.vps_id  ORDER BY id desc LIMIT 0,30  

[ 2017-02-05T00:46:44+08:00 ] ::1 /hbvpn/Admin/Account/pageList?page=1&rows=30&sort=id&order=desc
ERR: 1054:Champ '' inconnu dans field list
 [ SQL语句 ] : SELECT DISTINCT  a.id,a.port,a.password,a.secret_way,a.port,v.id as vps_id,v.ip,`` FROM bbb_account a LEFT JOIN bbb_vps v ON v.id = a.vps_id  ORDER BY id desc LIMIT 0,30  
ERR: 1054:Champ '' inconnu dans field list
 [ SQL语句 ] : SELECT DISTINCT  a.id,a.port,a.password,a.secret_way,a.port,v.id as vps_id,v.ip,`` FROM bbb_account a LEFT JOIN bbb_vps v ON v.id = a.vps_id  ORDER BY id desc LIMIT 0,30  

[ 2017-02-05T00:47:19+08:00 ] ::1 /hbvpn/Admin/Account/pageList?page=1&rows=30&sort=id&order=desc
ERR: 1054:Champ '' inconnu dans field list
 [ SQL语句 ] : SELECT DISTINCT  a.id,a.port,a.password,a.secret_way,a.port,v.id as vps_id,v.ip,`` FROM bbb_account a LEFT JOIN bbb_vps v ON v.id = a.vps_id  ORDER BY id desc LIMIT 0,30  
ERR: 1054:Champ '' inconnu dans field list
 [ SQL语句 ] : SELECT DISTINCT  a.id,a.port,a.password,a.secret_way,a.port,v.id as vps_id,v.ip,`` FROM bbb_account a LEFT JOIN bbb_vps v ON v.id = a.vps_id  ORDER BY id desc LIMIT 0,30  

[ 2017-02-05T00:51:30+08:00 ] ::1 /hbvpn/Admin/account/addRows
ERR: 1052:Champ: 'id' dans where clause est ambigu
 [ SQL语句 ] : SELECT DISTINCT  a.id,a.port,a.password,a.secret_way,a.port,v.id as vps_id,v.ip FROM bbb_account a LEFT JOIN bbb_vps v ON v.id = a.vps_id  WHERE `vps_id` = '1' AND `id` = '20' LIMIT 1  

[ 2017-02-05T00:51:50+08:00 ] ::1 /hbvpn/Admin/account/addRows
ERR: 1052:Champ: 'id' dans where clause est ambigu
 [ SQL语句 ] : SELECT DISTINCT  a.id,a.port,a.password,a.secret_way,a.port,v.id as vps_id,v.ip FROM bbb_account a LEFT JOIN bbb_vps v ON v.id = a.vps_id  WHERE `vps_id` = '1' AND `id` = '21' LIMIT 1  

[ 2017-02-05T00:53:46+08:00 ] ::1 /hbvpn/Admin/account/addRows
ERR: 1052:Champ: 'id' dans where clause est ambigu
 [ SQL语句 ] : SELECT DISTINCT  a.id,a.port,a.password,a.secret_way,a.port,v.id as vps_id,v.ip FROM bbb_account a LEFT JOIN bbb_vps v ON v.id = a.vps_id  WHERE `vps_id` = '1' AND `id` = '32' LIMIT 1  

